-------------------------------------------------------------------------------
Test set: io.microservice.tutorService.TutorsApplicationTests
-------------------------------------------------------------------------------
Tests run: 1, Failures: 0, Errors: 1, Skipped: 0, Time elapsed: 0.509 s <<< FAILURE! - in io.microservice.tutorService.TutorsApplicationTests
io.microservice.tutorService.TutorsApplicationTests  Time elapsed: 0.507 s  <<< ERROR!
java.lang.IllegalStateException: Unable to find a @SpringBootConfiguration, you need to use @ContextConfiguration or @SpringBootTest(classes=...) with your test

